<?xml version="1.0" encoding="UTF-8"?>
<coverage generated="1681453648963" clover="3.2.0">
  <project timestamp="1681453648963" name="All files">
    <metrics statements="83" coveredstatements="62" conditionals="78" coveredconditionals="59" methods="20" coveredmethods="16" elements="181" coveredelements="137" complexity="0" loc="83" ncloc="83" packages="1" files="1" classes="1"/>
    <file name="Iteract.js" path="C:\Web Development\Vycana\Iteract\src\Iteract.js">
      <metrics statements="83" coveredstatements="62" conditionals="78" coveredconditionals="59" methods="20" coveredmethods="16"/>
      <line num="10" count="31" type="cond" truecount="1" falsecount="1"/>
      <line num="11" count="31" type="stmt"/>
      <line num="13" count="0" type="stmt"/>
      <line num="22" count="30" type="stmt"/>
      <line num="45" count="17" type="stmt"/>
      <line num="60" count="4" type="cond" truecount="4" falsecount="0"/>
      <line num="61" count="2" type="cond" truecount="2" falsecount="0"/>
      <line num="62" count="2" type="stmt"/>
      <line num="64" count="2" type="stmt"/>
      <line num="67" count="2" type="cond" truecount="1" falsecount="1"/>
      <line num="68" count="0" type="stmt"/>
      <line num="70" count="2" type="cond" truecount="2" falsecount="0"/>
      <line num="71" count="3" type="stmt"/>
      <line num="73" count="3" type="stmt"/>
      <line num="84" count="4" type="cond" truecount="1" falsecount="1"/>
      <line num="85" count="4" type="stmt"/>
      <line num="94" count="2" type="stmt"/>
      <line num="98" count="2" type="cond" truecount="4" falsecount="0"/>
      <line num="99" count="1" type="stmt"/>
      <line num="100" count="1" type="stmt"/>
      <line num="101" count="1" type="cond" truecount="0" falsecount="2"/>
      <line num="102" count="0" type="stmt"/>
      <line num="105" count="0" type="stmt"/>
      <line num="107" count="1" type="stmt"/>
      <line num="118" count="0" type="stmt"/>
      <line num="126" count="0" type="stmt"/>
      <line num="134" count="0" type="stmt"/>
      <line num="147" count="33" type="stmt"/>
      <line num="148" count="33" type="cond" truecount="2" falsecount="0"/>
      <line num="149" count="21" type="stmt"/>
      <line num="150" count="21" type="stmt"/>
      <line num="151" count="12" type="cond" truecount="1" falsecount="1"/>
      <line num="152" count="12" type="stmt"/>
      <line num="153" count="12" type="stmt"/>
      <line num="154" count="12" type="stmt"/>
      <line num="156" count="0" type="stmt"/>
      <line num="166" count="16" type="stmt"/>
      <line num="175" count="17" type="stmt"/>
      <line num="176" count="349" type="cond" truecount="2" falsecount="0"/>
      <line num="177" count="300" type="cond" truecount="6" falsecount="5"/>
      <line num="179" count="50" type="stmt"/>
      <line num="181" count="0" type="stmt"/>
      <line num="183" count="0" type="stmt"/>
      <line num="185" count="0" type="stmt"/>
      <line num="187" count="0" type="stmt"/>
      <line num="189" count="50" type="stmt"/>
      <line num="191" count="50" type="cond" truecount="3" falsecount="1"/>
      <line num="192" count="50" type="stmt"/>
      <line num="194" count="0" type="stmt"/>
      <line num="196" count="50" type="cond" truecount="3" falsecount="1"/>
      <line num="197" count="50" type="stmt"/>
      <line num="199" count="0" type="stmt"/>
      <line num="201" count="50" type="cond" truecount="1" falsecount="1"/>
      <line num="202" count="50" type="stmt"/>
      <line num="204" count="0" type="stmt"/>
      <line num="206" count="50" type="cond" truecount="1" falsecount="1"/>
      <line num="207" count="50" type="stmt"/>
      <line num="209" count="0" type="stmt"/>
      <line num="211" count="0" type="stmt"/>
      <line num="214" count="49" type="cond" truecount="11" falsecount="0"/>
      <line num="216" count="4" type="stmt"/>
      <line num="218" count="4" type="stmt"/>
      <line num="220" count="4" type="stmt"/>
      <line num="222" count="4" type="stmt"/>
      <line num="224" count="4" type="stmt"/>
      <line num="226" count="4" type="stmt"/>
      <line num="228" count="6" type="cond" truecount="3" falsecount="1"/>
      <line num="229" count="6" type="stmt"/>
      <line num="231" count="0" type="stmt"/>
      <line num="233" count="6" type="cond" truecount="3" falsecount="1"/>
      <line num="234" count="6" type="stmt"/>
      <line num="236" count="0" type="stmt"/>
      <line num="238" count="6" type="cond" truecount="1" falsecount="1"/>
      <line num="239" count="6" type="stmt"/>
      <line num="241" count="0" type="stmt"/>
      <line num="243" count="6" type="cond" truecount="1" falsecount="1"/>
      <line num="244" count="6" type="stmt"/>
      <line num="246" count="0" type="stmt"/>
      <line num="248" count="1" type="stmt"/>
      <line num="252" count="16" type="cond" truecount="2" falsecount="0"/>
      <line num="253" count="6" type="stmt"/>
      <line num="255" count="10" type="stmt"/>
      <line num="258" count="1" type="stmt"/>
    </file>
  </project>
</coverage>
