{"C:\\Web Development\\Vycana\\Iteract\\src\\Iteract.js": {"path":"C:\\Web Development\\Vycana\\Iteract\\src\\Iteract.js","statementMap":{"0":{"start":{"line":10,"column":8},"end":{"line":14,"column":9}},"1":{"start":{"line":11,"column":12},"end":{"line":11,"column":29}},"2":{"start":{"line":13,"column":12},"end":{"line":13,"column":51}},"3":{"start":{"line":22,"column":8},"end":{"line":22,"column":25}},"4":{"start":{"line":45,"column":8},"end":{"line":45,"column":80}},"5":{"start":{"line":60,"column":8},"end":{"line":74,"column":9}},"6":{"start":{"line":61,"column":12},"end":{"line":63,"column":13}},"7":{"start":{"line":62,"column":16},"end":{"line":62,"column":78}},"8":{"start":{"line":62,"column":60},"end":{"line":62,"column":75}},"9":{"start":{"line":64,"column":12},"end":{"line":64,"column":74}},"10":{"start":{"line":64,"column":56},"end":{"line":64,"column":71}},"11":{"start":{"line":67,"column":12},"end":{"line":69,"column":13}},"12":{"start":{"line":68,"column":16},"end":{"line":68,"column":81}},"13":{"start":{"line":70,"column":12},"end":{"line":72,"column":13}},"14":{"start":{"line":71,"column":16},"end":{"line":71,"column":68}},"15":{"start":{"line":71,"column":60},"end":{"line":71,"column":65}},"16":{"start":{"line":73,"column":12},"end":{"line":73,"column":64}},"17":{"start":{"line":73,"column":56},"end":{"line":73,"column":61}},"18":{"start":{"line":84,"column":8},"end":{"line":84,"column":41}},"19":{"start":{"line":84,"column":28},"end":{"line":84,"column":41}},"20":{"start":{"line":85,"column":8},"end":{"line":85,"column":58}},"21":{"start":{"line":94,"column":8},"end":{"line":94,"column":53}},"22":{"start":{"line":98,"column":8},"end":{"line":106,"column":9}},"23":{"start":{"line":99,"column":27},"end":{"line":99,"column":40}},"24":{"start":{"line":100,"column":12},"end":{"line":104,"column":15}},"25":{"start":{"line":101,"column":16},"end":{"line":103,"column":17}},"26":{"start":{"line":102,"column":20},"end":{"line":102,"column":38}},"27":{"start":{"line":105,"column":12},"end":{"line":105,"column":32}},"28":{"start":{"line":107,"column":8},"end":{"line":107,"column":60}},"29":{"start":{"line":118,"column":8},"end":{"line":118,"column":51}},"30":{"start":{"line":126,"column":8},"end":{"line":126,"column":32}},"31":{"start":{"line":134,"column":8},"end":{"line":134,"column":35}},"32":{"start":{"line":147,"column":8},"end":{"line":147,"column":25}},"33":{"start":{"line":148,"column":8},"end":{"line":157,"column":9}},"34":{"start":{"line":149,"column":12},"end":{"line":149,"column":36}},"35":{"start":{"line":150,"column":12},"end":{"line":150,"column":33}},"36":{"start":{"line":151,"column":15},"end":{"line":157,"column":9}},"37":{"start":{"line":152,"column":12},"end":{"line":152,"column":31}},"38":{"start":{"line":153,"column":12},"end":{"line":153,"column":36}},"39":{"start":{"line":154,"column":12},"end":{"line":154,"column":33}},"40":{"start":{"line":156,"column":12},"end":{"line":156,"column":58}},"41":{"start":{"line":166,"column":8},"end":{"line":166,"column":38}},"42":{"start":{"line":175,"column":8},"end":{"line":251,"column":11}},"43":{"start":{"line":176,"column":12},"end":{"line":250,"column":13}},"44":{"start":{"line":177,"column":16},"end":{"line":212,"column":17}},"45":{"start":{"line":179,"column":24},"end":{"line":179,"column":60}},"46":{"start":{"line":181,"column":24},"end":{"line":181,"column":60}},"47":{"start":{"line":183,"column":24},"end":{"line":183,"column":59}},"48":{"start":{"line":185,"column":24},"end":{"line":185,"column":60}},"49":{"start":{"line":187,"column":24},"end":{"line":187,"column":59}},"50":{"start":{"line":189,"column":24},"end":{"line":189,"column":60}},"51":{"start":{"line":191,"column":24},"end":{"line":193,"column":25}},"52":{"start":{"line":192,"column":28},"end":{"line":192,"column":75}},"53":{"start":{"line":194,"column":24},"end":{"line":194,"column":76}},"54":{"start":{"line":196,"column":24},"end":{"line":198,"column":25}},"55":{"start":{"line":197,"column":28},"end":{"line":197,"column":74}},"56":{"start":{"line":199,"column":24},"end":{"line":199,"column":76}},"57":{"start":{"line":201,"column":24},"end":{"line":203,"column":25}},"58":{"start":{"line":202,"column":28},"end":{"line":202,"column":71}},"59":{"start":{"line":204,"column":24},"end":{"line":204,"column":75}},"60":{"start":{"line":206,"column":24},"end":{"line":208,"column":25}},"61":{"start":{"line":207,"column":28},"end":{"line":207,"column":72}},"62":{"start":{"line":209,"column":24},"end":{"line":209,"column":75}},"63":{"start":{"line":211,"column":24},"end":{"line":211,"column":71}},"64":{"start":{"line":214,"column":16},"end":{"line":249,"column":17}},"65":{"start":{"line":216,"column":24},"end":{"line":216,"column":50}},"66":{"start":{"line":218,"column":24},"end":{"line":218,"column":50}},"67":{"start":{"line":220,"column":24},"end":{"line":220,"column":49}},"68":{"start":{"line":222,"column":24},"end":{"line":222,"column":50}},"69":{"start":{"line":224,"column":24},"end":{"line":224,"column":49}},"70":{"start":{"line":226,"column":24},"end":{"line":226,"column":50}},"71":{"start":{"line":228,"column":24},"end":{"line":230,"column":25}},"72":{"start":{"line":229,"column":28},"end":{"line":229,"column":65}},"73":{"start":{"line":231,"column":24},"end":{"line":231,"column":76}},"74":{"start":{"line":233,"column":24},"end":{"line":235,"column":25}},"75":{"start":{"line":234,"column":28},"end":{"line":234,"column":64}},"76":{"start":{"line":236,"column":24},"end":{"line":236,"column":76}},"77":{"start":{"line":238,"column":24},"end":{"line":240,"column":25}},"78":{"start":{"line":239,"column":28},"end":{"line":239,"column":61}},"79":{"start":{"line":241,"column":24},"end":{"line":241,"column":75}},"80":{"start":{"line":243,"column":24},"end":{"line":245,"column":25}},"81":{"start":{"line":244,"column":28},"end":{"line":244,"column":62}},"82":{"start":{"line":246,"column":24},"end":{"line":246,"column":75}},"83":{"start":{"line":248,"column":24},"end":{"line":248,"column":71}},"84":{"start":{"line":252,"column":8},"end":{"line":254,"column":9}},"85":{"start":{"line":253,"column":12},"end":{"line":253,"column":85}},"86":{"start":{"line":255,"column":8},"end":{"line":255,"column":71}},"87":{"start":{"line":258,"column":0},"end":{"line":258,"column":25}}},"fnMap":{"0":{"name":"(anonymous_0)","decl":{"start":{"line":8,"column":4},"end":{"line":8,"column":5}},"loc":{"start":{"line":8,"column":27},"end":{"line":15,"column":5}},"line":8},"1":{"name":"(anonymous_1)","decl":{"start":{"line":21,"column":4},"end":{"line":21,"column":5}},"loc":{"start":{"line":21,"column":10},"end":{"line":23,"column":5}},"line":21},"2":{"name":"(anonymous_2)","decl":{"start":{"line":44,"column":4},"end":{"line":44,"column":5}},"loc":{"start":{"line":44,"column":19},"end":{"line":46,"column":5}},"line":44},"3":{"name":"(anonymous_3)","decl":{"start":{"line":59,"column":4},"end":{"line":59,"column":5}},"loc":{"start":{"line":59,"column":41},"end":{"line":75,"column":5}},"line":59},"4":{"name":"(anonymous_4)","decl":{"start":{"line":62,"column":50},"end":{"line":62,"column":51}},"loc":{"start":{"line":62,"column":60},"end":{"line":62,"column":75}},"line":62},"5":{"name":"(anonymous_5)","decl":{"start":{"line":64,"column":46},"end":{"line":64,"column":47}},"loc":{"start":{"line":64,"column":56},"end":{"line":64,"column":71}},"line":64},"6":{"name":"(anonymous_6)","decl":{"start":{"line":71,"column":50},"end":{"line":71,"column":51}},"loc":{"start":{"line":71,"column":60},"end":{"line":71,"column":65}},"line":71},"7":{"name":"(anonymous_7)","decl":{"start":{"line":73,"column":46},"end":{"line":73,"column":47}},"loc":{"start":{"line":73,"column":56},"end":{"line":73,"column":61}},"line":73},"8":{"name":"(anonymous_8)","decl":{"start":{"line":83,"column":4},"end":{"line":83,"column":5}},"loc":{"start":{"line":83,"column":15},"end":{"line":86,"column":5}},"line":83},"9":{"name":"(anonymous_9)","decl":{"start":{"line":93,"column":4},"end":{"line":93,"column":5}},"loc":{"start":{"line":93,"column":14},"end":{"line":95,"column":5}},"line":93},"10":{"name":"(anonymous_10)","decl":{"start":{"line":97,"column":4},"end":{"line":97,"column":5}},"loc":{"start":{"line":97,"column":21},"end":{"line":108,"column":5}},"line":97},"11":{"name":"(anonymous_11)","decl":{"start":{"line":100,"column":30},"end":{"line":100,"column":31}},"loc":{"start":{"line":100,"column":38},"end":{"line":104,"column":13}},"line":100},"12":{"name":"(anonymous_12)","decl":{"start":{"line":117,"column":4},"end":{"line":117,"column":5}},"loc":{"start":{"line":117,"column":16},"end":{"line":119,"column":5}},"line":117},"13":{"name":"(anonymous_13)","decl":{"start":{"line":125,"column":4},"end":{"line":125,"column":5}},"loc":{"start":{"line":125,"column":10},"end":{"line":127,"column":5}},"line":125},"14":{"name":"(anonymous_14)","decl":{"start":{"line":133,"column":4},"end":{"line":133,"column":5}},"loc":{"start":{"line":133,"column":13},"end":{"line":135,"column":5}},"line":133},"15":{"name":"(anonymous_15)","decl":{"start":{"line":137,"column":4},"end":{"line":137,"column":5}},"loc":{"start":{"line":137,"column":26},"end":{"line":139,"column":5}},"line":137},"16":{"name":"(anonymous_16)","decl":{"start":{"line":146,"column":4},"end":{"line":146,"column":5}},"loc":{"start":{"line":146,"column":31},"end":{"line":158,"column":5}},"line":146},"17":{"name":"(anonymous_17)","decl":{"start":{"line":165,"column":4},"end":{"line":165,"column":5}},"loc":{"start":{"line":165,"column":16},"end":{"line":167,"column":5}},"line":165},"18":{"name":"(anonymous_18)","decl":{"start":{"line":174,"column":4},"end":{"line":174,"column":5}},"loc":{"start":{"line":174,"column":19},"end":{"line":256,"column":5}},"line":174},"19":{"name":"(anonymous_19)","decl":{"start":{"line":175,"column":37},"end":{"line":175,"column":38}},"loc":{"start":{"line":175,"column":45},"end":{"line":251,"column":9}},"line":175}},"branchMap":{"0":{"loc":{"start":{"line":8,"column":16},"end":{"line":8,"column":25}},"type":"default-arg","locations":[{"start":{"line":8,"column":23},"end":{"line":8,"column":25}}],"line":8},"1":{"loc":{"start":{"line":10,"column":8},"end":{"line":14,"column":9}},"type":"if","locations":[{"start":{"line":10,"column":8},"end":{"line":14,"column":9}},{"start":{"line":12,"column":15},"end":{"line":14,"column":9}}],"line":10},"2":{"loc":{"start":{"line":59,"column":9},"end":{"line":59,"column":29}},"type":"default-arg","locations":[{"start":{"line":59,"column":25},"end":{"line":59,"column":29}}],"line":59},"3":{"loc":{"start":{"line":59,"column":31},"end":{"line":59,"column":39}},"type":"default-arg","locations":[{"start":{"line":59,"column":37},"end":{"line":59,"column":39}}],"line":59},"4":{"loc":{"start":{"line":60,"column":8},"end":{"line":74,"column":9}},"type":"if","locations":[{"start":{"line":60,"column":8},"end":{"line":74,"column":9}},{"start":{"line":65,"column":15},"end":{"line":74,"column":9}}],"line":60},"5":{"loc":{"start":{"line":60,"column":11},"end":{"line":60,"column":31}},"type":"binary-expr","locations":[{"start":{"line":60,"column":11},"end":{"line":60,"column":14}},{"start":{"line":60,"column":18},"end":{"line":60,"column":31}}],"line":60},"6":{"loc":{"start":{"line":61,"column":12},"end":{"line":63,"column":13}},"type":"if","locations":[{"start":{"line":61,"column":12},"end":{"line":63,"column":13}},{"start":{},"end":{}}],"line":61},"7":{"loc":{"start":{"line":67,"column":12},"end":{"line":69,"column":13}},"type":"if","locations":[{"start":{"line":67,"column":12},"end":{"line":69,"column":13}},{"start":{},"end":{}}],"line":67},"8":{"loc":{"start":{"line":70,"column":12},"end":{"line":72,"column":13}},"type":"if","locations":[{"start":{"line":70,"column":12},"end":{"line":72,"column":13}},{"start":{},"end":{}}],"line":70},"9":{"loc":{"start":{"line":84,"column":8},"end":{"line":84,"column":41}},"type":"if","locations":[{"start":{"line":84,"column":8},"end":{"line":84,"column":41}},{"start":{},"end":{}}],"line":84},"10":{"loc":{"start":{"line":97,"column":11},"end":{"line":97,"column":19}},"type":"default-arg","locations":[{"start":{"line":97,"column":17},"end":{"line":97,"column":19}}],"line":97},"11":{"loc":{"start":{"line":98,"column":8},"end":{"line":106,"column":9}},"type":"if","locations":[{"start":{"line":98,"column":8},"end":{"line":106,"column":9}},{"start":{},"end":{}}],"line":98},"12":{"loc":{"start":{"line":98,"column":11},"end":{"line":98,"column":31}},"type":"binary-expr","locations":[{"start":{"line":98,"column":11},"end":{"line":98,"column":14}},{"start":{"line":98,"column":18},"end":{"line":98,"column":31}}],"line":98},"13":{"loc":{"start":{"line":101,"column":16},"end":{"line":103,"column":17}},"type":"if","locations":[{"start":{"line":101,"column":16},"end":{"line":103,"column":17}},{"start":{},"end":{}}],"line":101},"14":{"loc":{"start":{"line":148,"column":8},"end":{"line":157,"column":9}},"type":"if","locations":[{"start":{"line":148,"column":8},"end":{"line":157,"column":9}},{"start":{"line":151,"column":15},"end":{"line":157,"column":9}}],"line":148},"15":{"loc":{"start":{"line":151,"column":15},"end":{"line":157,"column":9}},"type":"if","locations":[{"start":{"line":151,"column":15},"end":{"line":157,"column":9}},{"start":{"line":155,"column":15},"end":{"line":157,"column":9}}],"line":151},"16":{"loc":{"start":{"line":176,"column":12},"end":{"line":250,"column":13}},"type":"if","locations":[{"start":{"line":176,"column":12},"end":{"line":250,"column":13}},{"start":{"line":213,"column":19},"end":{"line":250,"column":13}}],"line":176},"17":{"loc":{"start":{"line":177,"column":16},"end":{"line":212,"column":17}},"type":"switch","locations":[{"start":{"line":178,"column":20},"end":{"line":179,"column":60}},{"start":{"line":180,"column":20},"end":{"line":181,"column":60}},{"start":{"line":182,"column":20},"end":{"line":183,"column":59}},{"start":{"line":184,"column":20},"end":{"line":185,"column":60}},{"start":{"line":186,"column":20},"end":{"line":187,"column":59}},{"start":{"line":188,"column":20},"end":{"line":189,"column":60}},{"start":{"line":190,"column":20},"end":{"line":194,"column":76}},{"start":{"line":195,"column":20},"end":{"line":199,"column":76}},{"start":{"line":200,"column":20},"end":{"line":204,"column":75}},{"start":{"line":205,"column":20},"end":{"line":209,"column":75}},{"start":{"line":210,"column":20},"end":{"line":211,"column":71}}],"line":177},"18":{"loc":{"start":{"line":191,"column":24},"end":{"line":193,"column":25}},"type":"if","locations":[{"start":{"line":191,"column":24},"end":{"line":193,"column":25}},{"start":{},"end":{}}],"line":191},"19":{"loc":{"start":{"line":191,"column":27},"end":{"line":191,"column":93}},"type":"binary-expr","locations":[{"start":{"line":191,"column":27},"end":{"line":191,"column":56}},{"start":{"line":191,"column":60},"end":{"line":191,"column":93}}],"line":191},"20":{"loc":{"start":{"line":196,"column":24},"end":{"line":198,"column":25}},"type":"if","locations":[{"start":{"line":196,"column":24},"end":{"line":198,"column":25}},{"start":{},"end":{}}],"line":196},"21":{"loc":{"start":{"line":196,"column":27},"end":{"line":196,"column":93}},"type":"binary-expr","locations":[{"start":{"line":196,"column":27},"end":{"line":196,"column":56}},{"start":{"line":196,"column":60},"end":{"line":196,"column":93}}],"line":196},"22":{"loc":{"start":{"line":201,"column":24},"end":{"line":203,"column":25}},"type":"if","locations":[{"start":{"line":201,"column":24},"end":{"line":203,"column":25}},{"start":{},"end":{}}],"line":201},"23":{"loc":{"start":{"line":206,"column":24},"end":{"line":208,"column":25}},"type":"if","locations":[{"start":{"line":206,"column":24},"end":{"line":208,"column":25}},{"start":{},"end":{}}],"line":206},"24":{"loc":{"start":{"line":214,"column":16},"end":{"line":249,"column":17}},"type":"switch","locations":[{"start":{"line":215,"column":20},"end":{"line":216,"column":50}},{"start":{"line":217,"column":20},"end":{"line":218,"column":50}},{"start":{"line":219,"column":20},"end":{"line":220,"column":49}},{"start":{"line":221,"column":20},"end":{"line":222,"column":50}},{"start":{"line":223,"column":20},"end":{"line":224,"column":49}},{"start":{"line":225,"column":20},"end":{"line":226,"column":50}},{"start":{"line":227,"column":20},"end":{"line":231,"column":76}},{"start":{"line":232,"column":20},"end":{"line":236,"column":76}},{"start":{"line":237,"column":20},"end":{"line":241,"column":75}},{"start":{"line":242,"column":20},"end":{"line":246,"column":75}},{"start":{"line":247,"column":20},"end":{"line":248,"column":71}}],"line":214},"25":{"loc":{"start":{"line":228,"column":24},"end":{"line":230,"column":25}},"type":"if","locations":[{"start":{"line":228,"column":24},"end":{"line":230,"column":25}},{"start":{},"end":{}}],"line":228},"26":{"loc":{"start":{"line":228,"column":27},"end":{"line":228,"column":83}},"type":"binary-expr","locations":[{"start":{"line":228,"column":27},"end":{"line":228,"column":56}},{"start":{"line":228,"column":60},"end":{"line":228,"column":83}}],"line":228},"27":{"loc":{"start":{"line":233,"column":24},"end":{"line":235,"column":25}},"type":"if","locations":[{"start":{"line":233,"column":24},"end":{"line":235,"column":25}},{"start":{},"end":{}}],"line":233},"28":{"loc":{"start":{"line":233,"column":27},"end":{"line":233,"column":83}},"type":"binary-expr","locations":[{"start":{"line":233,"column":27},"end":{"line":233,"column":56}},{"start":{"line":233,"column":60},"end":{"line":233,"column":83}}],"line":233},"29":{"loc":{"start":{"line":238,"column":24},"end":{"line":240,"column":25}},"type":"if","locations":[{"start":{"line":238,"column":24},"end":{"line":240,"column":25}},{"start":{},"end":{}}],"line":238},"30":{"loc":{"start":{"line":243,"column":24},"end":{"line":245,"column":25}},"type":"if","locations":[{"start":{"line":243,"column":24},"end":{"line":245,"column":25}},{"start":{},"end":{}}],"line":243},"31":{"loc":{"start":{"line":252,"column":8},"end":{"line":254,"column":9}},"type":"if","locations":[{"start":{"line":252,"column":8},"end":{"line":254,"column":9}},{"start":{},"end":{}}],"line":252}},"s":{"0":31,"1":31,"2":0,"3":30,"4":17,"5":4,"6":2,"7":1,"8":2,"9":1,"10":2,"11":2,"12":0,"13":2,"14":1,"15":3,"16":1,"17":3,"18":4,"19":0,"20":4,"21":2,"22":2,"23":1,"24":1,"25":1,"26":0,"27":0,"28":1,"29":0,"30":0,"31":0,"32":33,"33":33,"34":21,"35":21,"36":12,"37":12,"38":12,"39":12,"40":0,"41":16,"42":17,"43":349,"44":300,"45":50,"46":0,"47":0,"48":0,"49":0,"50":50,"51":50,"52":50,"53":0,"54":50,"55":50,"56":0,"57":50,"58":50,"59":0,"60":50,"61":50,"62":0,"63":0,"64":49,"65":4,"66":4,"67":4,"68":4,"69":4,"70":4,"71":6,"72":6,"73":0,"74":6,"75":6,"76":0,"77":6,"78":6,"79":0,"80":6,"81":6,"82":0,"83":1,"84":16,"85":6,"86":10,"87":1},"f":{"0":31,"1":30,"2":17,"3":4,"4":2,"5":2,"6":3,"7":3,"8":4,"9":2,"10":2,"11":1,"12":0,"13":0,"14":0,"15":0,"16":33,"17":16,"18":17,"19":349},"b":{"0":[1],"1":[31,0],"2":[1],"3":[2],"4":[2,2],"5":[4,2],"6":[1,1],"7":[0,2],"8":[1,1],"9":[0,4],"10":[1],"11":[1,1],"12":[2,1],"13":[0,0],"14":[21,12],"15":[12,0],"16":[300,49],"17":[50,0,0,0,0,50,50,50,50,50,0],"18":[50,0],"19":[50,50],"20":[50,0],"21":[50,50],"22":[50,0],"23":[50,0],"24":[4,4,4,4,4,4,6,6,6,6,1],"25":[6,0],"26":[6,6],"27":[6,0],"28":[6,6],"29":[6,0],"30":[6,0],"31":[6,10]},"_coverageSchema":"1a1c01bbd47fc00a2c39e90264f33305004495a9","hash":"4fd082266d43a6c90094af630b52a301685553a0"}
}
