TN:
SF:src\Iteract.js
FN:8,(anonymous_0)
FN:21,(anonymous_1)
FN:44,(anonymous_2)
FN:59,(anonymous_3)
FN:62,(anonymous_4)
FN:64,(anonymous_5)
FN:71,(anonymous_6)
FN:73,(anonymous_7)
FN:83,(anonymous_8)
FN:93,(anonymous_9)
FN:97,(anonymous_10)
FN:100,(anonymous_11)
FN:117,(anonymous_12)
FN:125,(anonymous_13)
FN:133,(anonymous_14)
FN:137,(anonymous_15)
FN:146,(anonymous_16)
FN:165,(anonymous_17)
FN:174,(anonymous_18)
FN:175,(anonymous_19)
FNF:20
FNH:16
FNDA:31,(anonymous_0)
FNDA:30,(anonymous_1)
FNDA:17,(anonymous_2)
FNDA:4,(anonymous_3)
FNDA:2,(anonymous_4)
FNDA:2,(anonymous_5)
FNDA:3,(anonymous_6)
FNDA:3,(anonymous_7)
FNDA:4,(anonymous_8)
FNDA:2,(anonymous_9)
FNDA:2,(anonymous_10)
FNDA:1,(anonymous_11)
FNDA:0,(anonymous_12)
FNDA:0,(anonymous_13)
FNDA:0,(anonymous_14)
FNDA:0,(anonymous_15)
FNDA:33,(anonymous_16)
FNDA:16,(anonymous_17)
FNDA:17,(anonymous_18)
FNDA:349,(anonymous_19)
DA:10,31
DA:11,31
DA:13,0
DA:22,30
DA:45,17
DA:60,4
DA:61,2
DA:62,2
DA:64,2
DA:67,2
DA:68,0
DA:70,2
DA:71,3
DA:73,3
DA:84,4
DA:85,4
DA:94,2
DA:98,2
DA:99,1
DA:100,1
DA:101,1
DA:102,0
DA:105,0
DA:107,1
DA:118,0
DA:126,0
DA:134,0
DA:147,33
DA:148,33
DA:149,21
DA:150,21
DA:151,12
DA:152,12
DA:153,12
DA:154,12
DA:156,0
DA:166,16
DA:175,17
DA:176,349
DA:177,300
DA:179,50
DA:181,0
DA:183,0
DA:185,0
DA:187,0
DA:189,50
DA:191,50
DA:192,50
DA:194,0
DA:196,50
DA:197,50
DA:199,0
DA:201,50
DA:202,50
DA:204,0
DA:206,50
DA:207,50
DA:209,0
DA:211,0
DA:214,49
DA:216,4
DA:218,4
DA:220,4
DA:222,4
DA:224,4
DA:226,4
DA:228,6
DA:229,6
DA:231,0
DA:233,6
DA:234,6
DA:236,0
DA:238,6
DA:239,6
DA:241,0
DA:243,6
DA:244,6
DA:246,0
DA:248,1
DA:252,16
DA:253,6
DA:255,10
DA:258,1
LF:83
LH:62
BRDA:8,0,0,1
BRDA:10,1,0,31
BRDA:10,1,1,0
BRDA:59,2,0,1
BRDA:59,3,0,2
BRDA:60,4,0,2
BRDA:60,4,1,2
BRDA:60,5,0,4
BRDA:60,5,1,2
BRDA:61,6,0,1
BRDA:61,6,1,1
BRDA:67,7,0,0
BRDA:67,7,1,2
BRDA:70,8,0,1
BRDA:70,8,1,1
BRDA:84,9,0,0
BRDA:84,9,1,4
BRDA:97,10,0,1
BRDA:98,11,0,1
BRDA:98,11,1,1
BRDA:98,12,0,2
BRDA:98,12,1,1
BRDA:101,13,0,0
BRDA:101,13,1,0
BRDA:148,14,0,21
BRDA:148,14,1,12
BRDA:151,15,0,12
BRDA:151,15,1,0
BRDA:176,16,0,300
BRDA:176,16,1,49
BRDA:177,17,0,50
BRDA:177,17,1,0
BRDA:177,17,2,0
BRDA:177,17,3,0
BRDA:177,17,4,0
BRDA:177,17,5,50
BRDA:177,17,6,50
BRDA:177,17,7,50
BRDA:177,17,8,50
BRDA:177,17,9,50
BRDA:177,17,10,0
BRDA:191,18,0,50
BRDA:191,18,1,0
BRDA:191,19,0,50
BRDA:191,19,1,50
BRDA:196,20,0,50
BRDA:196,20,1,0
BRDA:196,21,0,50
BRDA:196,21,1,50
BRDA:201,22,0,50
BRDA:201,22,1,0
BRDA:206,23,0,50
BRDA:206,23,1,0
BRDA:214,24,0,4
BRDA:214,24,1,4
BRDA:214,24,2,4
BRDA:214,24,3,4
BRDA:214,24,4,4
BRDA:214,24,5,4
BRDA:214,24,6,6
BRDA:214,24,7,6
BRDA:214,24,8,6
BRDA:214,24,9,6
BRDA:214,24,10,1
BRDA:228,25,0,6
BRDA:228,25,1,0
BRDA:228,26,0,6
BRDA:228,26,1,6
BRDA:233,27,0,6
BRDA:233,27,1,0
BRDA:233,28,0,6
BRDA:233,28,1,6
BRDA:238,29,0,6
BRDA:238,29,1,0
BRDA:243,30,0,6
BRDA:243,30,1,0
BRDA:252,31,0,6
BRDA:252,31,1,10
BRF:78
BRH:59
end_of_record
